<?xml version="1.0" encoding="UTF-8"?>
<testsuite name="dk.vip.session.SessionApplicationTests" tests="1" skipped="0" failures="0" errors="0" timestamp="2020-12-18T16:45:07" hostname="DESKTOP-RE70I53" time="0.388">
  <properties/>
  <testcase name="contextLoads()" classname="dk.vip.session.SessionApplicationTests" time="0.388"/>
  <system-out><![CDATA[17:45:04.957 [Test worker] DEBUG org.springframework.test.context.BootstrapUtils - Instantiating CacheAwareContextLoaderDelegate from class [org.springframework.test.context.cache.DefaultCacheAwareContextLoaderDelegate]
17:45:04.971 [Test worker] DEBUG org.springframework.test.context.BootstrapUtils - Instantiating BootstrapContext using constructor [public org.springframework.test.context.support.DefaultBootstrapContext(java.lang.Class,org.springframework.test.context.CacheAwareContextLoaderDelegate)]
17:45:05.001 [Test worker] DEBUG org.springframework.test.context.BootstrapUtils - Instantiating TestContextBootstrapper for test class [dk.vip.session.SessionApplicationTests] from class [org.springframework.boot.test.context.SpringBootTestContextBootstrapper]
17:45:05.017 [Test worker] INFO org.springframework.boot.test.context.SpringBootTestContextBootstrapper - Neither @ContextConfiguration nor @ContextHierarchy found for test class [dk.vip.session.SessionApplicationTests], using SpringBootContextLoader
17:45:05.021 [Test worker] DEBUG org.springframework.test.context.support.AbstractContextLoader - Did not detect default resource location for test class [dk.vip.session.SessionApplicationTests]: class path resource [dk/vip/session/SessionApplicationTests-context.xml] does not exist
17:45:05.022 [Test worker] DEBUG org.springframework.test.context.support.AbstractContextLoader - Did not detect default resource location for test class [dk.vip.session.SessionApplicationTests]: class path resource [dk/vip/session/SessionApplicationTestsContext.groovy] does not exist
17:45:05.022 [Test worker] INFO org.springframework.test.context.support.AbstractContextLoader - Could not detect default resource locations for test class [dk.vip.session.SessionApplicationTests]: no resource found for suffixes {-context.xml, Context.groovy}.
17:45:05.023 [Test worker] INFO org.springframework.test.context.support.AnnotationConfigContextLoaderUtils - Could not detect default configuration classes for test class [dk.vip.session.SessionApplicationTests]: SessionApplicationTests does not declare any static, non-private, non-final, nested classes annotated with @Configuration.
17:45:05.059 [Test worker] DEBUG org.springframework.test.context.support.ActiveProfilesUtils - Could not find an 'annotation declaring class' for annotation type [org.springframework.test.context.ActiveProfiles] and class [dk.vip.session.SessionApplicationTests]
17:45:05.129 [Test worker] DEBUG org.springframework.context.annotation.ClassPathScanningCandidateComponentProvider - Identified candidate component class: file [C:\Users\M3\Documents\repos\gitlabVIP\session\build\classes\java\main\dk\vip\session\SessionApplication.class]
17:45:05.130 [Test worker] INFO org.springframework.boot.test.context.SpringBootTestContextBootstrapper - Found @SpringBootConfiguration dk.vip.session.SessionApplication for test class dk.vip.session.SessionApplicationTests
17:45:05.249 [Test worker] DEBUG org.springframework.boot.test.context.SpringBootTestContextBootstrapper - @TestExecutionListeners is not present for class [dk.vip.session.SessionApplicationTests]: using defaults.
17:45:05.249 [Test worker] INFO org.springframework.boot.test.context.SpringBootTestContextBootstrapper - Loaded default TestExecutionListener class names from location [META-INF/spring.factories]: [org.springframework.boot.test.autoconfigure.restdocs.RestDocsTestExecutionListener, org.springframework.boot.test.autoconfigure.web.client.MockRestServiceServerResetTestExecutionListener, org.springframework.boot.test.autoconfigure.web.servlet.MockMvcPrintOnlyOnFailureTestExecutionListener, org.springframework.boot.test.autoconfigure.web.servlet.WebDriverTestExecutionListener, org.springframework.boot.test.autoconfigure.webservices.client.MockWebServiceServerTestExecutionListener, org.springframework.boot.test.mock.mockito.MockitoTestExecutionListener, org.springframework.boot.test.mock.mockito.ResetMocksTestExecutionListener, org.springframework.test.context.web.ServletTestExecutionListener, org.springframework.test.context.support.DirtiesContextBeforeModesTestExecutionListener, org.springframework.test.context.support.DependencyInjectionTestExecutionListener, org.springframework.test.context.support.DirtiesContextTestExecutionListener, org.springframework.test.context.transaction.TransactionalTestExecutionListener, org.springframework.test.context.jdbc.SqlScriptsTestExecutionListener, org.springframework.test.context.event.EventPublishingTestExecutionListener]
17:45:05.260 [Test worker] DEBUG org.springframework.boot.test.context.SpringBootTestContextBootstrapper - Skipping candidate TestExecutionListener [org.springframework.test.context.transaction.TransactionalTestExecutionListener] due to a missing dependency. Specify custom listener classes or make the default listener classes and their required dependencies available. Offending class: [org/springframework/transaction/TransactionDefinition]
17:45:05.261 [Test worker] DEBUG org.springframework.boot.test.context.SpringBootTestContextBootstrapper - Skipping candidate TestExecutionListener [org.springframework.test.context.jdbc.SqlScriptsTestExecutionListener] due to a missing dependency. Specify custom listener classes or make the default listener classes and their required dependencies available. Offending class: [org/springframework/transaction/interceptor/TransactionAttribute]
17:45:05.261 [Test worker] INFO org.springframework.boot.test.context.SpringBootTestContextBootstrapper - Using TestExecutionListeners: [org.springframework.test.context.web.ServletTestExecutionListener@4b180ada, org.springframework.test.context.support.DirtiesContextBeforeModesTestExecutionListener@77ac0baa, org.springframework.boot.test.mock.mockito.MockitoTestExecutionListener@7637e22a, org.springframework.boot.test.autoconfigure.SpringBootDependencyInjectionTestExecutionListener@527bf81f, org.springframework.test.context.support.DirtiesContextTestExecutionListener@593e6650, org.springframework.test.context.event.EventPublishingTestExecutionListener@4e58c786, org.springframework.boot.test.autoconfigure.restdocs.RestDocsTestExecutionListener@7b74ad5, org.springframework.boot.test.autoconfigure.web.client.MockRestServiceServerResetTestExecutionListener@a81f13c, org.springframework.boot.test.autoconfigure.web.servlet.MockMvcPrintOnlyOnFailureTestExecutionListener@20270ada, org.springframework.boot.test.autoconfigure.web.servlet.WebDriverTestExecutionListener@284b9daf, org.springframework.boot.test.autoconfigure.webservices.client.MockWebServiceServerTestExecutionListener@15179b91, org.springframework.boot.test.mock.mockito.ResetMocksTestExecutionListener@109a901e]
17:45:05.264 [Test worker] DEBUG org.springframework.test.context.support.AbstractDirtiesContextTestExecutionListener - Before test class: context [DefaultTestContext@25c43d5c testClass = SessionApplicationTests, testInstance = [null], testMethod = [null], testException = [null], mergedContextConfiguration = [WebMergedContextConfiguration@5df9a867 testClass = SessionApplicationTests, locations = '{}', classes = '{class dk.vip.session.SessionApplication}', contextInitializerClasses = '[]', activeProfiles = '{}', propertySourceLocations = '{}', propertySourceProperties = '{org.springframework.boot.test.context.SpringBootTestContextBootstrapper=true}', contextCustomizers = set[org.springframework.boot.test.autoconfigure.properties.PropertyMappingContextCustomizer@0, org.springframework.boot.test.autoconfigure.web.servlet.WebDriverContextCustomizerFactory$Customizer@80e9da8, org.springframework.boot.test.context.filter.ExcludeFilterContextCustomizer@1b924c80, org.springframework.boot.test.json.DuplicateJsonObjectContextCustomizerFactory$DuplicateJsonObjectContextCustomizer@3bea54ab, org.springframework.boot.test.mock.mockito.MockitoContextCustomizer@0, org.springframework.boot.test.web.client.TestRestTemplateContextCustomizer@1414c934, org.springframework.boot.test.context.SpringBootTestArgs@1], resourceBasePath = 'src/main/webapp', contextLoader = 'org.springframework.boot.test.context.SpringBootContextLoader', parent = [null]], attributes = map['org.springframework.test.context.web.ServletTestExecutionListener.activateListener' -> true]], class annotated with @DirtiesContext [false] with mode [null].
17:45:05.292 [Test worker] DEBUG org.springframework.test.context.support.TestPropertySourceUtils - Adding inlined properties to environment: {spring.jmx.enabled=false, org.springframework.boot.test.context.SpringBootTestContextBootstrapper=true}
2020-12-18 17:45:05.604  INFO 4984 --- [    Test worker] dk.vip.session.SessionApplicationTests   : Starting SessionApplicationTests on DESKTOP-RE70I53 with PID 4984 (started by M3 in C:\Users\M3\Documents\repos\gitlabVIP\session)
2020-12-18 17:45:05.606  INFO 4984 --- [    Test worker] dk.vip.session.SessionApplicationTests   : No active profile set, falling back to default profiles: default
2020-12-18 17:45:06.821  INFO 4984 --- [    Test worker] o.s.s.concurrent.ThreadPoolTaskExecutor  : Initializing ExecutorService 'applicationTaskExecutor'
2020-12-18 17:45:07.169  INFO 4984 --- [    Test worker] dk.vip.session.SessionApplicationTests   : Started SessionApplicationTests in 1.867 seconds (JVM running for 3.282)
]]></system-out>
  <system-err><![CDATA[]]></system-err>
</testsuite>
